CRITICAL - 2022-05-02 16:31:26 --> Call to undefined function CodeIgniter\locale_set_default()
#0 C:\xampp\htdocs\plantilla\system\bootstrap.php(146): CodeIgniter\CodeIgniter->initialize()
#1 C:\xampp\htdocs\plantilla\index.php(28): require('C:\\xampp\\htdocs...')
#2 {main}
CRITICAL - 2022-05-02 16:32:09 --> Call to undefined function CodeIgniter\locale_set_default()
#0 C:\xampp\htdocs\plantilla\system\bootstrap.php(146): CodeIgniter\CodeIgniter->initialize()
#1 C:\xampp\htdocs\plantilla\index.php(28): require('C:\\xampp\\htdocs...')
#2 {main}
CRITICAL - 2022-05-02 16:32:13 --> Call to undefined function CodeIgniter\locale_set_default()
#0 C:\xampp\htdocs\plantilla\system\bootstrap.php(146): CodeIgniter\CodeIgniter->initialize()
#1 C:\xampp\htdocs\plantilla\index.php(28): require('C:\\xampp\\htdocs...')
#2 {main}
CRITICAL - 2022-05-02 16:39:56 --> Call to undefined function CodeIgniter\locale_set_default()
#0 C:\xampp\htdocs\plantilla\system\bootstrap.php(146): CodeIgniter\CodeIgniter->initialize()
#1 C:\xampp\htdocs\plantilla\spark(45): require('C:\\xampp\\htdocs...')
#2 {main}
CRITICAL - 2022-05-02 16:51:23 --> Call to undefined function CodeIgniter\locale_set_default()
#0 C:\xampp\htdocs\plantilla\system\bootstrap.php(146): CodeIgniter\CodeIgniter->initialize()
#1 C:\xampp\htdocs\plantilla\index.php(28): require('C:\\xampp\\htdocs...')
#2 {main}
CRITICAL - 2022-05-02 15:35:38 --> Class 'App\Controllers\API\ClientModel' not found
#0 C:\xampp\htdocs\plantilla\system\CodeIgniter.php(809): App\Controllers\API\Clientes->__construct()
#1 C:\xampp\htdocs\plantilla\system\CodeIgniter.php(410): CodeIgniter\CodeIgniter->createController()
#2 C:\xampp\htdocs\plantilla\system\CodeIgniter.php(326): CodeIgniter\CodeIgniter->handleRequest(NULL, Object(Config\Cache), false)
#3 C:\xampp\htdocs\plantilla\public\index.php(37): CodeIgniter\CodeIgniter->run()
#4 C:\xampp\htdocs\plantilla\system\Commands\Server\rewrite.php(43): require_once('C:\\xampp\\htdocs...')
#5 {main}
ERROR - 2022-05-02 19:34:53 --> Error connecting to the database: The server requested authentication method unknown to the client
CRITICAL - 2022-05-02 19:34:53 --> Unable to connect to the database.
Main connection [MySQLi]: The server requested authentication method unknown to the client
#0 C:\xampp\htdocs\plantilla\system\Database\BaseConnection.php(577): CodeIgniter\Database\BaseConnection->initialize()
#1 C:\xampp\htdocs\plantilla\system\Database\BaseBuilder.php(1455): CodeIgniter\Database\BaseConnection->query('SELECT *\nFROM `...', Array, false)
#2 C:\xampp\htdocs\plantilla\system\Model.php(183): CodeIgniter\Database\BaseBuilder->get()
#3 C:\xampp\htdocs\plantilla\system\BaseModel.php(584): CodeIgniter\Model->doFindAll(0, 0)
#4 C:\xampp\htdocs\plantilla\app\Controllers\API\Clientes.php(13): CodeIgniter\BaseModel->findAll()
#5 C:\xampp\htdocs\plantilla\system\CodeIgniter.php(832): App\Controllers\API\Clientes->index()
#6 C:\xampp\htdocs\plantilla\system\CodeIgniter.php(419): CodeIgniter\CodeIgniter->runController(Object(App\Controllers\API\Clientes))
#7 C:\xampp\htdocs\plantilla\system\CodeIgniter.php(326): CodeIgniter\CodeIgniter->handleRequest(NULL, Object(Config\Cache), false)
#8 C:\xampp\htdocs\plantilla\public\index.php(37): CodeIgniter\CodeIgniter->run()
#9 C:\xampp\htdocs\plantilla\system\Commands\Server\rewrite.php(43): require_once('C:\\xampp\\htdocs...')
#10 {main}
ERROR - 2022-05-02 19:52:16 --> Error connecting to the database: The server requested authentication method unknown to the client
CRITICAL - 2022-05-02 19:52:16 --> Unable to connect to the database.
Main connection [MySQLi]: The server requested authentication method unknown to the client
#0 C:\xampp\htdocs\plantilla\system\Database\BaseConnection.php(577): CodeIgniter\Database\BaseConnection->initialize()
#1 C:\xampp\htdocs\plantilla\system\Database\BaseBuilder.php(1455): CodeIgniter\Database\BaseConnection->query('SELECT *\nFROM `...', Array, false)
#2 C:\xampp\htdocs\plantilla\system\Model.php(183): CodeIgniter\Database\BaseBuilder->get()
#3 C:\xampp\htdocs\plantilla\system\BaseModel.php(584): CodeIgniter\Model->doFindAll(0, 0)
#4 C:\xampp\htdocs\plantilla\app\Controllers\API\Clientes.php(13): CodeIgniter\BaseModel->findAll()
#5 C:\xampp\htdocs\plantilla\system\CodeIgniter.php(832): App\Controllers\API\Clientes->index()
#6 C:\xampp\htdocs\plantilla\system\CodeIgniter.php(419): CodeIgniter\CodeIgniter->runController(Object(App\Controllers\API\Clientes))
#7 C:\xampp\htdocs\plantilla\system\CodeIgniter.php(326): CodeIgniter\CodeIgniter->handleRequest(NULL, Object(Config\Cache), false)
#8 C:\xampp\htdocs\plantilla\public\index.php(37): CodeIgniter\CodeIgniter->run()
#9 C:\xampp\htdocs\plantilla\system\Commands\Server\rewrite.php(43): require_once('C:\\xampp\\htdocs...')
#10 {main}
ERROR - 2022-05-02 19:59:21 --> Error connecting to the database: The server requested authentication method unknown to the client
CRITICAL - 2022-05-02 19:59:21 --> Unable to connect to the database.
Main connection [MySQLi]: The server requested authentication method unknown to the client
#0 C:\xampp\htdocs\plantilla\system\Database\BaseConnection.php(577): CodeIgniter\Database\BaseConnection->initialize()
#1 C:\xampp\htdocs\plantilla\system\Database\BaseBuilder.php(1455): CodeIgniter\Database\BaseConnection->query('SELECT *\nFROM `...', Array, false)
#2 C:\xampp\htdocs\plantilla\system\Model.php(183): CodeIgniter\Database\BaseBuilder->get()
#3 C:\xampp\htdocs\plantilla\system\BaseModel.php(584): CodeIgniter\Model->doFindAll(0, 0)
#4 C:\xampp\htdocs\plantilla\app\Controllers\API\Clientes.php(13): CodeIgniter\BaseModel->findAll()
#5 C:\xampp\htdocs\plantilla\system\CodeIgniter.php(832): App\Controllers\API\Clientes->index()
#6 C:\xampp\htdocs\plantilla\system\CodeIgniter.php(419): CodeIgniter\CodeIgniter->runController(Object(App\Controllers\API\Clientes))
#7 C:\xampp\htdocs\plantilla\system\CodeIgniter.php(326): CodeIgniter\CodeIgniter->handleRequest(NULL, Object(Config\Cache), false)
#8 C:\xampp\htdocs\plantilla\public\index.php(37): CodeIgniter\CodeIgniter->run()
#9 C:\xampp\htdocs\plantilla\system\Commands\Server\rewrite.php(43): require_once('C:\\xampp\\htdocs...')
#10 {main}
ERROR - 2022-05-02 19:59:43 --> Error connecting to the database: The server requested authentication method unknown to the client
CRITICAL - 2022-05-02 19:59:43 --> Unable to connect to the database.
Main connection [MySQLi]: The server requested authentication method unknown to the client
#0 C:\xampp\htdocs\plantilla\system\Database\BaseConnection.php(577): CodeIgniter\Database\BaseConnection->initialize()
#1 C:\xampp\htdocs\plantilla\system\Database\BaseBuilder.php(1455): CodeIgniter\Database\BaseConnection->query('SELECT *\nFROM `...', Array, false)
#2 C:\xampp\htdocs\plantilla\system\Model.php(183): CodeIgniter\Database\BaseBuilder->get()
#3 C:\xampp\htdocs\plantilla\system\BaseModel.php(584): CodeIgniter\Model->doFindAll(0, 0)
#4 C:\xampp\htdocs\plantilla\app\Controllers\API\Clientes.php(13): CodeIgniter\BaseModel->findAll()
#5 C:\xampp\htdocs\plantilla\system\CodeIgniter.php(832): App\Controllers\API\Clientes->index()
#6 C:\xampp\htdocs\plantilla\system\CodeIgniter.php(419): CodeIgniter\CodeIgniter->runController(Object(App\Controllers\API\Clientes))
#7 C:\xampp\htdocs\plantilla\system\CodeIgniter.php(326): CodeIgniter\CodeIgniter->handleRequest(NULL, Object(Config\Cache), false)
#8 C:\xampp\htdocs\plantilla\public\index.php(37): CodeIgniter\CodeIgniter->run()
#9 C:\xampp\htdocs\plantilla\system\Commands\Server\rewrite.php(43): require_once('C:\\xampp\\htdocs...')
#10 {main}
CRITICAL - 2022-05-02 19:59:44 --> Uncaught ErrorException: print_r(): Property access is not allowed yet in C:\xampp\htdocs\plantilla\app\Views\errors\html\error_exception.php:96
Stack trace:
#0 [internal function]: CodeIgniter\Debug\Exceptions->errorHandler(2, 'print_r(): Prop...', 'C:\\xampp\\htdocs...', 96, Array)
#1 C:\xampp\htdocs\plantilla\app\Views\errors\html\error_exception.php(96): print_r(Object(App\Controllers\API\Clientes), true)
#2 C:\xampp\htdocs\plantilla\system\Debug\Exceptions.php(234): include('C:\\xampp\\htdocs...')
#3 C:\xampp\htdocs\plantilla\system\Debug\Exceptions.php(237): CodeIgniter\Debug\Exceptions->CodeIgniter\Debug\{closure}()
#4 C:\xampp\htdocs\plantilla\system\Debug\Exceptions.php(121): CodeIgniter\Debug\Exceptions->render(Object(CodeIgniter\Database\Exceptions\DatabaseException), 500)
#5 [internal function]: CodeIgniter\Debug\Exceptions->exceptionHandler(Object(CodeIgniter\Database\Exceptions\DatabaseException))
#6 {main}
  thrown
#0 [internal function]: CodeIgniter\Debug\Exceptions->shutdownHandler()
#1 {main}
ERROR - 2022-05-02 20:00:15 --> Error connecting to the database: The server requested authentication method unknown to the client
CRITICAL - 2022-05-02 20:00:15 --> Unable to connect to the database.
Main connection [MySQLi]: The server requested authentication method unknown to the client
#0 C:\xampp\htdocs\plantilla\system\Database\BaseConnection.php(577): CodeIgniter\Database\BaseConnection->initialize()
#1 C:\xampp\htdocs\plantilla\system\Database\BaseBuilder.php(1455): CodeIgniter\Database\BaseConnection->query('SELECT *\nFROM `...', Array, false)
#2 C:\xampp\htdocs\plantilla\system\Model.php(183): CodeIgniter\Database\BaseBuilder->get()
#3 C:\xampp\htdocs\plantilla\system\BaseModel.php(584): CodeIgniter\Model->doFindAll(0, 0)
#4 C:\xampp\htdocs\plantilla\app\Controllers\API\Clientes.php(13): CodeIgniter\BaseModel->findAll()
#5 C:\xampp\htdocs\plantilla\system\CodeIgniter.php(832): App\Controllers\API\Clientes->index()
#6 C:\xampp\htdocs\plantilla\system\CodeIgniter.php(419): CodeIgniter\CodeIgniter->runController(Object(App\Controllers\API\Clientes))
#7 C:\xampp\htdocs\plantilla\system\CodeIgniter.php(326): CodeIgniter\CodeIgniter->handleRequest(NULL, Object(Config\Cache), false)
#8 C:\xampp\htdocs\plantilla\public\index.php(37): CodeIgniter\CodeIgniter->run()
#9 C:\xampp\htdocs\plantilla\system\Commands\Server\rewrite.php(43): require_once('C:\\xampp\\htdocs...')
#10 {main}
CRITICAL - 2022-05-02 20:00:16 --> Uncaught ErrorException: print_r(): Property access is not allowed yet in C:\xampp\htdocs\plantilla\app\Views\errors\html\error_exception.php:96
Stack trace:
#0 [internal function]: CodeIgniter\Debug\Exceptions->errorHandler(2, 'print_r(): Prop...', 'C:\\xampp\\htdocs...', 96, Array)
#1 C:\xampp\htdocs\plantilla\app\Views\errors\html\error_exception.php(96): print_r(Object(App\Controllers\API\Clientes), true)
#2 C:\xampp\htdocs\plantilla\system\Debug\Exceptions.php(234): include('C:\\xampp\\htdocs...')
#3 C:\xampp\htdocs\plantilla\system\Debug\Exceptions.php(237): CodeIgniter\Debug\Exceptions->CodeIgniter\Debug\{closure}()
#4 C:\xampp\htdocs\plantilla\system\Debug\Exceptions.php(121): CodeIgniter\Debug\Exceptions->render(Object(CodeIgniter\Database\Exceptions\DatabaseException), 500)
#5 [internal function]: CodeIgniter\Debug\Exceptions->exceptionHandler(Object(CodeIgniter\Database\Exceptions\DatabaseException))
#6 {main}
  thrown
#0 [internal function]: CodeIgniter\Debug\Exceptions->shutdownHandler()
#1 {main}
ERROR - 2022-05-02 20:08:14 --> Error connecting to the database: The server requested authentication method unknown to the client
CRITICAL - 2022-05-02 20:08:14 --> Unable to connect to the database.
Main connection [MySQLi]: The server requested authentication method unknown to the client
#0 C:\xampp\htdocs\plantilla\system\Database\BaseConnection.php(577): CodeIgniter\Database\BaseConnection->initialize()
#1 C:\xampp\htdocs\plantilla\system\Database\BaseBuilder.php(1455): CodeIgniter\Database\BaseConnection->query('SELECT *\nFROM `...', Array, false)
#2 C:\xampp\htdocs\plantilla\system\Model.php(183): CodeIgniter\Database\BaseBuilder->get()
#3 C:\xampp\htdocs\plantilla\system\BaseModel.php(584): CodeIgniter\Model->doFindAll(0, 0)
#4 C:\xampp\htdocs\plantilla\app\Controllers\API\Clientes.php(13): CodeIgniter\BaseModel->findAll()
#5 C:\xampp\htdocs\plantilla\system\CodeIgniter.php(832): App\Controllers\API\Clientes->index()
#6 C:\xampp\htdocs\plantilla\system\CodeIgniter.php(419): CodeIgniter\CodeIgniter->runController(Object(App\Controllers\API\Clientes))
#7 C:\xampp\htdocs\plantilla\system\CodeIgniter.php(326): CodeIgniter\CodeIgniter->handleRequest(NULL, Object(Config\Cache), false)
#8 C:\xampp\htdocs\plantilla\public\index.php(37): CodeIgniter\CodeIgniter->run()
#9 C:\xampp\htdocs\plantilla\system\Commands\Server\rewrite.php(43): require_once('C:\\xampp\\htdocs...')
#10 {main}
CRITICAL - 2022-05-02 20:08:15 --> Uncaught ErrorException: print_r(): Property access is not allowed yet in C:\xampp\htdocs\plantilla\app\Views\errors\html\error_exception.php:96
Stack trace:
#0 [internal function]: CodeIgniter\Debug\Exceptions->errorHandler(2, 'print_r(): Prop...', 'C:\\xampp\\htdocs...', 96, Array)
#1 C:\xampp\htdocs\plantilla\app\Views\errors\html\error_exception.php(96): print_r(Object(App\Controllers\API\Clientes), true)
#2 C:\xampp\htdocs\plantilla\system\Debug\Exceptions.php(234): include('C:\\xampp\\htdocs...')
#3 C:\xampp\htdocs\plantilla\system\Debug\Exceptions.php(237): CodeIgniter\Debug\Exceptions->CodeIgniter\Debug\{closure}()
#4 C:\xampp\htdocs\plantilla\system\Debug\Exceptions.php(121): CodeIgniter\Debug\Exceptions->render(Object(CodeIgniter\Database\Exceptions\DatabaseException), 500)
#5 [internal function]: CodeIgniter\Debug\Exceptions->exceptionHandler(Object(CodeIgniter\Database\Exceptions\DatabaseException))
#6 {main}
  thrown
#0 [internal function]: CodeIgniter\Debug\Exceptions->shutdownHandler()
#1 {main}
CRITICAL - 2022-05-02 20:34:08 --> syntax error, unexpected end of file
#0 C:\xampp\htdocs\plantilla\system\Autoloader\Autoloader.php(241): CodeIgniter\Autoloader\Autoloader->includeFile('C:\\xampp\\htdocs...')
#1 C:\xampp\htdocs\plantilla\system\Autoloader\Autoloader.php(219): CodeIgniter\Autoloader\Autoloader->loadInNamespace('App\\Controllers...')
#2 [internal function]: CodeIgniter\Autoloader\Autoloader->loadClass('App\\Controllers...')
#3 [internal function]: spl_autoload_call('App\\Controllers...')
#4 C:\xampp\htdocs\plantilla\system\CodeIgniter.php(797): class_exists('\\App\\Controller...', true)
#5 C:\xampp\htdocs\plantilla\system\CodeIgniter.php(406): CodeIgniter\CodeIgniter->startController()
#6 C:\xampp\htdocs\plantilla\system\CodeIgniter.php(326): CodeIgniter\CodeIgniter->handleRequest(NULL, Object(Config\Cache), false)
#7 C:\xampp\htdocs\plantilla\public\index.php(37): CodeIgniter\CodeIgniter->run()
#8 C:\xampp\htdocs\plantilla\system\Commands\Server\rewrite.php(43): require_once('C:\\xampp\\htdocs...')
#9 {main}
ERROR - 2022-05-02 20:42:14 --> Error connecting to the database: The server requested authentication method unknown to the client
CRITICAL - 2022-05-02 20:42:14 --> Unable to connect to the database.
Main connection [MySQLi]: The server requested authentication method unknown to the client
#0 C:\xampp\htdocs\plantilla\system\Database\BaseConnection.php(577): CodeIgniter\Database\BaseConnection->initialize()
#1 C:\xampp\htdocs\plantilla\system\Database\BaseBuilder.php(1455): CodeIgniter\Database\BaseConnection->query('SELECT *\nFROM `...', Array, false)
#2 C:\xampp\htdocs\plantilla\system\Model.php(183): CodeIgniter\Database\BaseBuilder->get()
#3 C:\xampp\htdocs\plantilla\system\BaseModel.php(584): CodeIgniter\Model->doFindAll(0, 0)
#4 C:\xampp\htdocs\plantilla\app\Controllers\API\Clientes.php(14): CodeIgniter\BaseModel->findAll()
#5 C:\xampp\htdocs\plantilla\system\CodeIgniter.php(832): App\Controllers\API\Clientes->index()
#6 C:\xampp\htdocs\plantilla\system\CodeIgniter.php(419): CodeIgniter\CodeIgniter->runController(Object(App\Controllers\API\Clientes))
#7 C:\xampp\htdocs\plantilla\system\CodeIgniter.php(326): CodeIgniter\CodeIgniter->handleRequest(NULL, Object(Config\Cache), false)
#8 C:\xampp\htdocs\plantilla\public\index.php(37): CodeIgniter\CodeIgniter->run()
#9 C:\xampp\htdocs\plantilla\system\Commands\Server\rewrite.php(43): require_once('C:\\xampp\\htdocs...')
#10 {main}
CRITICAL - 2022-05-02 20:42:14 --> Uncaught ErrorException: print_r(): Property access is not allowed yet in C:\xampp\htdocs\plantilla\app\Views\errors\html\error_exception.php:96
Stack trace:
#0 [internal function]: CodeIgniter\Debug\Exceptions->errorHandler(2, 'print_r(): Prop...', 'C:\\xampp\\htdocs...', 96, Array)
#1 C:\xampp\htdocs\plantilla\app\Views\errors\html\error_exception.php(96): print_r(Object(App\Controllers\API\Clientes), true)
#2 C:\xampp\htdocs\plantilla\system\Debug\Exceptions.php(234): include('C:\\xampp\\htdocs...')
#3 C:\xampp\htdocs\plantilla\system\Debug\Exceptions.php(237): CodeIgniter\Debug\Exceptions->CodeIgniter\Debug\{closure}()
#4 C:\xampp\htdocs\plantilla\system\Debug\Exceptions.php(121): CodeIgniter\Debug\Exceptions->render(Object(CodeIgniter\Database\Exceptions\DatabaseException), 500)
#5 [internal function]: CodeIgniter\Debug\Exceptions->exceptionHandler(Object(CodeIgniter\Database\Exceptions\DatabaseException))
#6 {main}
  thrown
#0 [internal function]: CodeIgniter\Debug\Exceptions->shutdownHandler()
#1 {main}
ERROR - 2022-05-02 20:43:00 --> Error connecting to the database: The server requested authentication method unknown to the client
CRITICAL - 2022-05-02 20:43:00 --> Unable to connect to the database.
Main connection [MySQLi]: The server requested authentication method unknown to the client
#0 C:\xampp\htdocs\plantilla\system\Database\BaseConnection.php(577): CodeIgniter\Database\BaseConnection->initialize()
#1 C:\xampp\htdocs\plantilla\system\Database\BaseBuilder.php(1455): CodeIgniter\Database\BaseConnection->query('SELECT *\nFROM `...', Array, false)
#2 C:\xampp\htdocs\plantilla\system\Model.php(183): CodeIgniter\Database\BaseBuilder->get()
#3 C:\xampp\htdocs\plantilla\system\BaseModel.php(584): CodeIgniter\Model->doFindAll(0, 0)
#4 C:\xampp\htdocs\plantilla\app\Controllers\API\Clientes.php(14): CodeIgniter\BaseModel->findAll()
#5 C:\xampp\htdocs\plantilla\system\CodeIgniter.php(832): App\Controllers\API\Clientes->index()
#6 C:\xampp\htdocs\plantilla\system\CodeIgniter.php(419): CodeIgniter\CodeIgniter->runController(Object(App\Controllers\API\Clientes))
#7 C:\xampp\htdocs\plantilla\system\CodeIgniter.php(326): CodeIgniter\CodeIgniter->handleRequest(NULL, Object(Config\Cache), false)
#8 C:\xampp\htdocs\plantilla\public\index.php(37): CodeIgniter\CodeIgniter->run()
#9 C:\xampp\htdocs\plantilla\system\Commands\Server\rewrite.php(43): require_once('C:\\xampp\\htdocs...')
#10 {main}
