ERROR - 2022-05-03 08:46:24 --> Error connecting to the database: The server requested authentication method unknown to the client
CRITICAL - 2022-05-03 08:46:24 --> Unable to connect to the database.
Main connection [MySQLi]: The server requested authentication method unknown to the client
#0 C:\xampp\htdocs\plantilla\system\Database\BaseConnection.php(577): CodeIgniter\Database\BaseConnection->initialize()
#1 C:\xampp\htdocs\plantilla\system\Database\BaseBuilder.php(1455): CodeIgniter\Database\BaseConnection->query('SELECT *\nFROM `...', Array, false)
#2 C:\xampp\htdocs\plantilla\system\Model.php(183): CodeIgniter\Database\BaseBuilder->get()
#3 C:\xampp\htdocs\plantilla\system\BaseModel.php(584): CodeIgniter\Model->doFindAll(0, 0)
#4 C:\xampp\htdocs\plantilla\app\Controllers\API\Clientes.php(14): CodeIgniter\BaseModel->findAll()
#5 C:\xampp\htdocs\plantilla\system\CodeIgniter.php(832): App\Controllers\API\Clientes->index()
#6 C:\xampp\htdocs\plantilla\system\CodeIgniter.php(419): CodeIgniter\CodeIgniter->runController(Object(App\Controllers\API\Clientes))
#7 C:\xampp\htdocs\plantilla\system\CodeIgniter.php(326): CodeIgniter\CodeIgniter->handleRequest(NULL, Object(Config\Cache), false)
#8 C:\xampp\htdocs\plantilla\public\index.php(37): CodeIgniter\CodeIgniter->run()
#9 C:\xampp\htdocs\plantilla\system\Commands\Server\rewrite.php(43): require_once('C:\\xampp\\htdocs...')
#10 {main}
CRITICAL - 2022-05-03 08:46:24 --> Uncaught ErrorException: print_r(): Property access is not allowed yet in C:\xampp\htdocs\plantilla\app\Views\errors\html\error_exception.php:96
Stack trace:
#0 [internal function]: CodeIgniter\Debug\Exceptions->errorHandler(2, 'print_r(): Prop...', 'C:\\xampp\\htdocs...', 96, Array)
#1 C:\xampp\htdocs\plantilla\app\Views\errors\html\error_exception.php(96): print_r(Object(App\Controllers\API\Clientes), true)
#2 C:\xampp\htdocs\plantilla\system\Debug\Exceptions.php(234): include('C:\\xampp\\htdocs...')
#3 C:\xampp\htdocs\plantilla\system\Debug\Exceptions.php(237): CodeIgniter\Debug\Exceptions->CodeIgniter\Debug\{closure}()
#4 C:\xampp\htdocs\plantilla\system\Debug\Exceptions.php(121): CodeIgniter\Debug\Exceptions->render(Object(CodeIgniter\Database\Exceptions\DatabaseException), 500)
#5 [internal function]: CodeIgniter\Debug\Exceptions->exceptionHandler(Object(CodeIgniter\Database\Exceptions\DatabaseException))
#6 {main}
  thrown
#0 [internal function]: CodeIgniter\Debug\Exceptions->shutdownHandler()
#1 {main}
CRITICAL - 2022-05-03 09:02:13 --> syntax error, unexpected '$id' (T_VARIABLE), expecting ')'
#0 C:\xampp\htdocs\plantilla\system\Router\Router.php(175): CodeIgniter\Router\Router->autoRoute('api/clientes/cr...')
#1 C:\xampp\htdocs\plantilla\system\CodeIgniter.php(726): CodeIgniter\Router\Router->handle('api/clientes/cr...')
#2 C:\xampp\htdocs\plantilla\system\CodeIgniter.php(368): CodeIgniter\CodeIgniter->tryToRouteIt(Object(CodeIgniter\Router\RouteCollection))
#3 C:\xampp\htdocs\plantilla\system\CodeIgniter.php(326): CodeIgniter\CodeIgniter->handleRequest(NULL, Object(Config\Cache), false)
#4 C:\xampp\htdocs\plantilla\public\index.php(37): CodeIgniter\CodeIgniter->run()
#5 C:\xampp\htdocs\plantilla\system\Commands\Server\rewrite.php(43): require_once('C:\\xampp\\htdocs...')
#6 {main}
CRITICAL - 2022-05-03 09:02:38 --> syntax error, unexpected '$id' (T_VARIABLE), expecting ')'
#0 C:\xampp\htdocs\plantilla\system\Router\Router.php(175): CodeIgniter\Router\Router->autoRoute('api/clientes/cr...')
#1 C:\xampp\htdocs\plantilla\system\CodeIgniter.php(726): CodeIgniter\Router\Router->handle('api/clientes/cr...')
#2 C:\xampp\htdocs\plantilla\system\CodeIgniter.php(368): CodeIgniter\CodeIgniter->tryToRouteIt(Object(CodeIgniter\Router\RouteCollection))
#3 C:\xampp\htdocs\plantilla\system\CodeIgniter.php(326): CodeIgniter\CodeIgniter->handleRequest(NULL, Object(Config\Cache), false)
#4 C:\xampp\htdocs\plantilla\public\index.php(37): CodeIgniter\CodeIgniter->run()
#5 C:\xampp\htdocs\plantilla\system\Commands\Server\rewrite.php(43): require_once('C:\\xampp\\htdocs...')
#6 {main}
ERROR - 2022-05-03 10:06:25 --> Error connecting to the database: The server requested authentication method unknown to the client
CRITICAL - 2022-05-03 10:06:25 --> Unable to connect to the database.
Main connection [MySQLi]: The server requested authentication method unknown to the client
#0 C:\xampp\htdocs\plantilla\system\Database\BaseConnection.php(577): CodeIgniter\Database\BaseConnection->initialize()
#1 C:\xampp\htdocs\plantilla\system\Database\BaseBuilder.php(1455): CodeIgniter\Database\BaseConnection->query('SELECT *\nFROM `...', Array, false)
#2 C:\xampp\htdocs\plantilla\system\Model.php(183): CodeIgniter\Database\BaseBuilder->get()
#3 C:\xampp\htdocs\plantilla\system\BaseModel.php(584): CodeIgniter\Model->doFindAll(0, 0)
#4 C:\xampp\htdocs\plantilla\app\Controllers\API\Clientes.php(14): CodeIgniter\BaseModel->findAll()
#5 C:\xampp\htdocs\plantilla\system\CodeIgniter.php(832): App\Controllers\API\Clientes->index()
#6 C:\xampp\htdocs\plantilla\system\CodeIgniter.php(419): CodeIgniter\CodeIgniter->runController(Object(App\Controllers\API\Clientes))
#7 C:\xampp\htdocs\plantilla\system\CodeIgniter.php(326): CodeIgniter\CodeIgniter->handleRequest(NULL, Object(Config\Cache), false)
#8 C:\xampp\htdocs\plantilla\public\index.php(37): CodeIgniter\CodeIgniter->run()
#9 C:\xampp\htdocs\plantilla\system\Commands\Server\rewrite.php(43): require_once('C:\\xampp\\htdocs...')
#10 {main}
CRITICAL - 2022-05-03 10:06:25 --> Uncaught ErrorException: print_r(): Property access is not allowed yet in C:\xampp\htdocs\plantilla\app\Views\errors\html\error_exception.php:96
Stack trace:
#0 [internal function]: CodeIgniter\Debug\Exceptions->errorHandler(2, 'print_r(): Prop...', 'C:\\xampp\\htdocs...', 96, Array)
#1 C:\xampp\htdocs\plantilla\app\Views\errors\html\error_exception.php(96): print_r(Object(App\Controllers\API\Clientes), true)
#2 C:\xampp\htdocs\plantilla\system\Debug\Exceptions.php(234): include('C:\\xampp\\htdocs...')
#3 C:\xampp\htdocs\plantilla\system\Debug\Exceptions.php(237): CodeIgniter\Debug\Exceptions->CodeIgniter\Debug\{closure}()
#4 C:\xampp\htdocs\plantilla\system\Debug\Exceptions.php(121): CodeIgniter\Debug\Exceptions->render(Object(CodeIgniter\Database\Exceptions\DatabaseException), 500)
#5 [internal function]: CodeIgniter\Debug\Exceptions->exceptionHandler(Object(CodeIgniter\Database\Exceptions\DatabaseException))
#6 {main}
  thrown
#0 [internal function]: CodeIgniter\Debug\Exceptions->shutdownHandler()
#1 {main}
ERROR - 2022-05-03 10:21:04 --> Error connecting to the database: The server requested authentication method unknown to the client
CRITICAL - 2022-05-03 10:21:04 --> Unable to connect to the database.
Main connection [MySQLi]: The server requested authentication method unknown to the client
#0 C:\xampp\htdocs\plantilla\system\Database\BaseConnection.php(577): CodeIgniter\Database\BaseConnection->initialize()
#1 C:\xampp\htdocs\plantilla\system\Database\BaseBuilder.php(1455): CodeIgniter\Database\BaseConnection->query('SELECT *\nFROM `...', Array, false)
#2 C:\xampp\htdocs\plantilla\system\Model.php(183): CodeIgniter\Database\BaseBuilder->get()
#3 C:\xampp\htdocs\plantilla\system\BaseModel.php(584): CodeIgniter\Model->doFindAll(0, 0)
#4 C:\xampp\htdocs\plantilla\app\Controllers\API\Clientes.php(14): CodeIgniter\BaseModel->findAll()
#5 C:\xampp\htdocs\plantilla\system\CodeIgniter.php(832): App\Controllers\API\Clientes->index()
#6 C:\xampp\htdocs\plantilla\system\CodeIgniter.php(419): CodeIgniter\CodeIgniter->runController(Object(App\Controllers\API\Clientes))
#7 C:\xampp\htdocs\plantilla\system\CodeIgniter.php(326): CodeIgniter\CodeIgniter->handleRequest(NULL, Object(Config\Cache), false)
#8 C:\xampp\htdocs\plantilla\public\index.php(37): CodeIgniter\CodeIgniter->run()
#9 C:\xampp\htdocs\plantilla\system\Commands\Server\rewrite.php(43): require_once('C:\\xampp\\htdocs...')
#10 {main}
ERROR - 2022-05-03 10:21:35 --> Error connecting to the database: The server requested authentication method unknown to the client
CRITICAL - 2022-05-03 10:21:35 --> Unable to connect to the database.
Main connection [MySQLi]: The server requested authentication method unknown to the client
#0 C:\xampp\htdocs\plantilla\system\Database\BaseConnection.php(577): CodeIgniter\Database\BaseConnection->initialize()
#1 C:\xampp\htdocs\plantilla\system\Database\BaseBuilder.php(1455): CodeIgniter\Database\BaseConnection->query('SELECT *\nFROM `...', Array, false)
#2 C:\xampp\htdocs\plantilla\system\Model.php(183): CodeIgniter\Database\BaseBuilder->get()
#3 C:\xampp\htdocs\plantilla\system\BaseModel.php(584): CodeIgniter\Model->doFindAll(0, 0)
#4 C:\xampp\htdocs\plantilla\app\Controllers\API\Clientes.php(14): CodeIgniter\BaseModel->findAll()
#5 C:\xampp\htdocs\plantilla\system\CodeIgniter.php(832): App\Controllers\API\Clientes->index()
#6 C:\xampp\htdocs\plantilla\system\CodeIgniter.php(419): CodeIgniter\CodeIgniter->runController(Object(App\Controllers\API\Clientes))
#7 C:\xampp\htdocs\plantilla\system\CodeIgniter.php(326): CodeIgniter\CodeIgniter->handleRequest(NULL, Object(Config\Cache), false)
#8 C:\xampp\htdocs\plantilla\public\index.php(37): CodeIgniter\CodeIgniter->run()
#9 C:\xampp\htdocs\plantilla\system\Commands\Server\rewrite.php(43): require_once('C:\\xampp\\htdocs...')
#10 {main}
ERROR - 2022-05-03 10:22:32 --> Error connecting to the database: The server requested authentication method unknown to the client
CRITICAL - 2022-05-03 10:22:32 --> Unable to connect to the database.
Main connection [MySQLi]: The server requested authentication method unknown to the client
#0 C:\xampp\htdocs\plantilla\system\Database\BaseConnection.php(577): CodeIgniter\Database\BaseConnection->initialize()
#1 C:\xampp\htdocs\plantilla\system\Database\BaseBuilder.php(1455): CodeIgniter\Database\BaseConnection->query('SELECT *\nFROM `...', Array, false)
#2 C:\xampp\htdocs\plantilla\system\Model.php(183): CodeIgniter\Database\BaseBuilder->get()
#3 C:\xampp\htdocs\plantilla\system\BaseModel.php(584): CodeIgniter\Model->doFindAll(0, 0)
#4 C:\xampp\htdocs\plantilla\app\Controllers\API\Clientes.php(14): CodeIgniter\BaseModel->findAll()
#5 C:\xampp\htdocs\plantilla\system\CodeIgniter.php(832): App\Controllers\API\Clientes->index()
#6 C:\xampp\htdocs\plantilla\system\CodeIgniter.php(419): CodeIgniter\CodeIgniter->runController(Object(App\Controllers\API\Clientes))
#7 C:\xampp\htdocs\plantilla\system\CodeIgniter.php(326): CodeIgniter\CodeIgniter->handleRequest(NULL, Object(Config\Cache), false)
#8 C:\xampp\htdocs\plantilla\public\index.php(37): CodeIgniter\CodeIgniter->run()
#9 C:\xampp\htdocs\plantilla\system\Commands\Server\rewrite.php(43): require_once('C:\\xampp\\htdocs...')
#10 {main}
ERROR - 2022-05-03 10:23:24 --> Error connecting to the database: The server requested authentication method unknown to the client
CRITICAL - 2022-05-03 10:23:24 --> Unable to connect to the database.
Main connection [MySQLi]: The server requested authentication method unknown to the client
#0 C:\xampp\htdocs\plantilla\system\Database\BaseConnection.php(577): CodeIgniter\Database\BaseConnection->initialize()
#1 C:\xampp\htdocs\plantilla\system\Database\BaseBuilder.php(1455): CodeIgniter\Database\BaseConnection->query('SELECT *\nFROM `...', Array, false)
#2 C:\xampp\htdocs\plantilla\system\Model.php(183): CodeIgniter\Database\BaseBuilder->get()
#3 C:\xampp\htdocs\plantilla\system\BaseModel.php(584): CodeIgniter\Model->doFindAll(0, 0)
#4 C:\xampp\htdocs\plantilla\app\Controllers\API\Clientes.php(14): CodeIgniter\BaseModel->findAll()
#5 C:\xampp\htdocs\plantilla\system\CodeIgniter.php(832): App\Controllers\API\Clientes->index()
#6 C:\xampp\htdocs\plantilla\system\CodeIgniter.php(419): CodeIgniter\CodeIgniter->runController(Object(App\Controllers\API\Clientes))
#7 C:\xampp\htdocs\plantilla\system\CodeIgniter.php(326): CodeIgniter\CodeIgniter->handleRequest(NULL, Object(Config\Cache), false)
#8 C:\xampp\htdocs\plantilla\public\index.php(37): CodeIgniter\CodeIgniter->run()
#9 C:\xampp\htdocs\plantilla\system\Commands\Server\rewrite.php(43): require_once('C:\\xampp\\htdocs...')
#10 {main}
ERROR - 2022-05-03 10:25:34 --> Error connecting to the database: The server requested authentication method unknown to the client
CRITICAL - 2022-05-03 10:25:34 --> Unable to connect to the database.
Main connection [MySQLi]: The server requested authentication method unknown to the client
#0 C:\xampp\htdocs\plantilla\system\Database\BaseConnection.php(577): CodeIgniter\Database\BaseConnection->initialize()
#1 C:\xampp\htdocs\plantilla\system\Database\BaseBuilder.php(1455): CodeIgniter\Database\BaseConnection->query('SELECT *\nFROM `...', Array, false)
#2 C:\xampp\htdocs\plantilla\system\Model.php(183): CodeIgniter\Database\BaseBuilder->get()
#3 C:\xampp\htdocs\plantilla\system\BaseModel.php(584): CodeIgniter\Model->doFindAll(0, 0)
#4 C:\xampp\htdocs\plantilla\app\Controllers\API\Clientes.php(14): CodeIgniter\BaseModel->findAll()
#5 C:\xampp\htdocs\plantilla\system\CodeIgniter.php(832): App\Controllers\API\Clientes->index()
#6 C:\xampp\htdocs\plantilla\system\CodeIgniter.php(419): CodeIgniter\CodeIgniter->runController(Object(App\Controllers\API\Clientes))
#7 C:\xampp\htdocs\plantilla\system\CodeIgniter.php(326): CodeIgniter\CodeIgniter->handleRequest(NULL, Object(Config\Cache), false)
#8 C:\xampp\htdocs\plantilla\public\index.php(37): CodeIgniter\CodeIgniter->run()
#9 C:\xampp\htdocs\plantilla\system\Commands\Server\rewrite.php(43): require_once('C:\\xampp\\htdocs...')
#10 {main}
ERROR - 2022-05-03 10:26:11 --> Error connecting to the database: The server requested authentication method unknown to the client
CRITICAL - 2022-05-03 10:26:11 --> Unable to connect to the database.
Main connection [MySQLi]: The server requested authentication method unknown to the client
#0 C:\xampp\htdocs\plantilla\system\Database\BaseConnection.php(577): CodeIgniter\Database\BaseConnection->initialize()
#1 C:\xampp\htdocs\plantilla\system\Database\BaseBuilder.php(1455): CodeIgniter\Database\BaseConnection->query('SELECT *\nFROM `...', Array, false)
#2 C:\xampp\htdocs\plantilla\system\Model.php(183): CodeIgniter\Database\BaseBuilder->get()
#3 C:\xampp\htdocs\plantilla\system\BaseModel.php(584): CodeIgniter\Model->doFindAll(0, 0)
#4 C:\xampp\htdocs\plantilla\app\Controllers\API\Clientes.php(14): CodeIgniter\BaseModel->findAll()
#5 C:\xampp\htdocs\plantilla\system\CodeIgniter.php(832): App\Controllers\API\Clientes->index()
#6 C:\xampp\htdocs\plantilla\system\CodeIgniter.php(419): CodeIgniter\CodeIgniter->runController(Object(App\Controllers\API\Clientes))
#7 C:\xampp\htdocs\plantilla\system\CodeIgniter.php(326): CodeIgniter\CodeIgniter->handleRequest(NULL, Object(Config\Cache), false)
#8 C:\xampp\htdocs\plantilla\public\index.php(37): CodeIgniter\CodeIgniter->run()
#9 C:\xampp\htdocs\plantilla\system\Commands\Server\rewrite.php(43): require_once('C:\\xampp\\htdocs...')
#10 {main}
ERROR - 2022-05-03 10:26:23 --> Error connecting to the database: The server requested authentication method unknown to the client
CRITICAL - 2022-05-03 10:26:23 --> Unable to connect to the database.
Main connection [MySQLi]: The server requested authentication method unknown to the client
#0 C:\xampp\htdocs\plantilla\system\Database\BaseConnection.php(577): CodeIgniter\Database\BaseConnection->initialize()
#1 C:\xampp\htdocs\plantilla\system\Database\BaseBuilder.php(1455): CodeIgniter\Database\BaseConnection->query('SELECT *\nFROM `...', Array, false)
#2 C:\xampp\htdocs\plantilla\system\Model.php(183): CodeIgniter\Database\BaseBuilder->get()
#3 C:\xampp\htdocs\plantilla\system\BaseModel.php(584): CodeIgniter\Model->doFindAll(0, 0)
#4 C:\xampp\htdocs\plantilla\app\Controllers\API\Clientes.php(14): CodeIgniter\BaseModel->findAll()
#5 C:\xampp\htdocs\plantilla\system\CodeIgniter.php(832): App\Controllers\API\Clientes->index()
#6 C:\xampp\htdocs\plantilla\system\CodeIgniter.php(419): CodeIgniter\CodeIgniter->runController(Object(App\Controllers\API\Clientes))
#7 C:\xampp\htdocs\plantilla\system\CodeIgniter.php(326): CodeIgniter\CodeIgniter->handleRequest(NULL, Object(Config\Cache), false)
#8 C:\xampp\htdocs\plantilla\public\index.php(37): CodeIgniter\CodeIgniter->run()
#9 C:\xampp\htdocs\plantilla\system\Commands\Server\rewrite.php(43): require_once('C:\\xampp\\htdocs...')
#10 {main}
ERROR - 2022-05-03 10:37:06 --> Error connecting to the database: The server requested authentication method unknown to the client
CRITICAL - 2022-05-03 10:37:06 --> Unable to connect to the database.
Main connection [MySQLi]: The server requested authentication method unknown to the client
#0 C:\xampp\htdocs\plantilla\system\Database\BaseConnection.php(577): CodeIgniter\Database\BaseConnection->initialize()
#1 C:\xampp\htdocs\plantilla\system\Database\BaseBuilder.php(1455): CodeIgniter\Database\BaseConnection->query('SELECT *\nFROM `...', Array, false)
#2 C:\xampp\htdocs\plantilla\system\Model.php(183): CodeIgniter\Database\BaseBuilder->get()
#3 C:\xampp\htdocs\plantilla\system\BaseModel.php(584): CodeIgniter\Model->doFindAll(0, 0)
#4 C:\xampp\htdocs\plantilla\app\Controllers\API\Clientes.php(14): CodeIgniter\BaseModel->findAll()
#5 C:\xampp\htdocs\plantilla\system\CodeIgniter.php(832): App\Controllers\API\Clientes->index()
#6 C:\xampp\htdocs\plantilla\system\CodeIgniter.php(419): CodeIgniter\CodeIgniter->runController(Object(App\Controllers\API\Clientes))
#7 C:\xampp\htdocs\plantilla\system\CodeIgniter.php(326): CodeIgniter\CodeIgniter->handleRequest(NULL, Object(Config\Cache), false)
#8 C:\xampp\htdocs\plantilla\public\index.php(37): CodeIgniter\CodeIgniter->run()
#9 C:\xampp\htdocs\plantilla\system\Commands\Server\rewrite.php(43): require_once('C:\\xampp\\htdocs...')
#10 {main}
ERROR - 2022-05-03 10:40:01 --> Error connecting to the database: The server requested authentication method unknown to the client
CRITICAL - 2022-05-03 10:40:01 --> Unable to connect to the database.
Main connection [MySQLi]: The server requested authentication method unknown to the client
#0 C:\xampp\htdocs\plantilla\system\Database\BaseConnection.php(577): CodeIgniter\Database\BaseConnection->initialize()
#1 C:\xampp\htdocs\plantilla\system\Database\BaseBuilder.php(1455): CodeIgniter\Database\BaseConnection->query('SELECT *\nFROM `...', Array, false)
#2 C:\xampp\htdocs\plantilla\system\Model.php(183): CodeIgniter\Database\BaseBuilder->get()
#3 C:\xampp\htdocs\plantilla\system\BaseModel.php(584): CodeIgniter\Model->doFindAll(0, 0)
#4 C:\xampp\htdocs\plantilla\app\Controllers\API\Clientes.php(14): CodeIgniter\BaseModel->findAll()
#5 C:\xampp\htdocs\plantilla\system\CodeIgniter.php(832): App\Controllers\API\Clientes->index()
#6 C:\xampp\htdocs\plantilla\system\CodeIgniter.php(419): CodeIgniter\CodeIgniter->runController(Object(App\Controllers\API\Clientes))
#7 C:\xampp\htdocs\plantilla\system\CodeIgniter.php(326): CodeIgniter\CodeIgniter->handleRequest(NULL, Object(Config\Cache), false)
#8 C:\xampp\htdocs\plantilla\public\index.php(37): CodeIgniter\CodeIgniter->run()
#9 C:\xampp\htdocs\plantilla\system\Commands\Server\rewrite.php(43): require_once('C:\\xampp\\htdocs...')
#10 {main}
ERROR - 2022-05-03 10:40:19 --> Error connecting to the database: The server requested authentication method unknown to the client
CRITICAL - 2022-05-03 10:40:19 --> Unable to connect to the database.
Main connection [MySQLi]: The server requested authentication method unknown to the client
#0 C:\xampp\htdocs\plantilla\system\Database\BaseConnection.php(577): CodeIgniter\Database\BaseConnection->initialize()
#1 C:\xampp\htdocs\plantilla\system\Database\BaseBuilder.php(1455): CodeIgniter\Database\BaseConnection->query('SELECT *\nFROM `...', Array, false)
#2 C:\xampp\htdocs\plantilla\system\Model.php(183): CodeIgniter\Database\BaseBuilder->get()
#3 C:\xampp\htdocs\plantilla\system\BaseModel.php(584): CodeIgniter\Model->doFindAll(0, 0)
#4 C:\xampp\htdocs\plantilla\app\Controllers\API\Clientes.php(14): CodeIgniter\BaseModel->findAll()
#5 C:\xampp\htdocs\plantilla\system\CodeIgniter.php(832): App\Controllers\API\Clientes->index()
#6 C:\xampp\htdocs\plantilla\system\CodeIgniter.php(419): CodeIgniter\CodeIgniter->runController(Object(App\Controllers\API\Clientes))
#7 C:\xampp\htdocs\plantilla\system\CodeIgniter.php(326): CodeIgniter\CodeIgniter->handleRequest(NULL, Object(Config\Cache), false)
#8 C:\xampp\htdocs\plantilla\public\index.php(37): CodeIgniter\CodeIgniter->run()
#9 C:\xampp\htdocs\plantilla\system\Commands\Server\rewrite.php(43): require_once('C:\\xampp\\htdocs...')
#10 {main}
CRITICAL - 2022-05-03 10:40:20 --> Uncaught ErrorException: print_r(): Property access is not allowed yet in C:\xampp\htdocs\plantilla\app\Views\errors\html\error_exception.php:96
Stack trace:
#0 [internal function]: CodeIgniter\Debug\Exceptions->errorHandler(2, 'print_r(): Prop...', 'C:\\xampp\\htdocs...', 96, Array)
#1 C:\xampp\htdocs\plantilla\app\Views\errors\html\error_exception.php(96): print_r(Object(App\Controllers\API\Clientes), true)
#2 C:\xampp\htdocs\plantilla\system\Debug\Exceptions.php(234): include('C:\\xampp\\htdocs...')
#3 C:\xampp\htdocs\plantilla\system\Debug\Exceptions.php(237): CodeIgniter\Debug\Exceptions->CodeIgniter\Debug\{closure}()
#4 C:\xampp\htdocs\plantilla\system\Debug\Exceptions.php(121): CodeIgniter\Debug\Exceptions->render(Object(CodeIgniter\Database\Exceptions\DatabaseException), 500)
#5 [internal function]: CodeIgniter\Debug\Exceptions->exceptionHandler(Object(CodeIgniter\Database\Exceptions\DatabaseException))
#6 {main}
  thrown
#0 [internal function]: CodeIgniter\Debug\Exceptions->shutdownHandler()
#1 {main}
ERROR - 2022-05-03 10:43:06 --> Error connecting to the database: The server requested authentication method unknown to the client
CRITICAL - 2022-05-03 10:43:06 --> Unable to connect to the database.
Main connection [MySQLi]: The server requested authentication method unknown to the client
#0 C:\xampp\htdocs\plantilla\system\Database\BaseConnection.php(577): CodeIgniter\Database\BaseConnection->initialize()
#1 C:\xampp\htdocs\plantilla\system\Database\BaseBuilder.php(1455): CodeIgniter\Database\BaseConnection->query('SELECT *\nFROM `...', Array, false)
#2 C:\xampp\htdocs\plantilla\system\Model.php(183): CodeIgniter\Database\BaseBuilder->get()
#3 C:\xampp\htdocs\plantilla\system\BaseModel.php(584): CodeIgniter\Model->doFindAll(0, 0)
#4 C:\xampp\htdocs\plantilla\app\Controllers\API\Clientes.php(14): CodeIgniter\BaseModel->findAll()
#5 C:\xampp\htdocs\plantilla\system\CodeIgniter.php(832): App\Controllers\API\Clientes->index()
#6 C:\xampp\htdocs\plantilla\system\CodeIgniter.php(419): CodeIgniter\CodeIgniter->runController(Object(App\Controllers\API\Clientes))
#7 C:\xampp\htdocs\plantilla\system\CodeIgniter.php(326): CodeIgniter\CodeIgniter->handleRequest(NULL, Object(Config\Cache), false)
#8 C:\xampp\htdocs\plantilla\public\index.php(37): CodeIgniter\CodeIgniter->run()
#9 C:\xampp\htdocs\plantilla\system\Commands\Server\rewrite.php(43): require_once('C:\\xampp\\htdocs...')
#10 {main}
ERROR - 2022-05-03 11:05:23 --> Error connecting to the database: The server requested authentication method unknown to the client
CRITICAL - 2022-05-03 11:05:23 --> Unable to connect to the database.
Main connection [MySQLi]: The server requested authentication method unknown to the client
#0 C:\xampp\htdocs\plantilla\system\Database\BaseConnection.php(577): CodeIgniter\Database\BaseConnection->initialize()
#1 C:\xampp\htdocs\plantilla\system\Database\BaseBuilder.php(1455): CodeIgniter\Database\BaseConnection->query('SELECT *\nFROM `...', Array, false)
#2 C:\xampp\htdocs\plantilla\system\Model.php(183): CodeIgniter\Database\BaseBuilder->get()
#3 C:\xampp\htdocs\plantilla\system\BaseModel.php(584): CodeIgniter\Model->doFindAll(0, 0)
#4 C:\xampp\htdocs\plantilla\app\Controllers\API\Clientes.php(14): CodeIgniter\BaseModel->findAll()
#5 C:\xampp\htdocs\plantilla\system\CodeIgniter.php(832): App\Controllers\API\Clientes->index()
#6 C:\xampp\htdocs\plantilla\system\CodeIgniter.php(419): CodeIgniter\CodeIgniter->runController(Object(App\Controllers\API\Clientes))
#7 C:\xampp\htdocs\plantilla\system\CodeIgniter.php(326): CodeIgniter\CodeIgniter->handleRequest(NULL, Object(Config\Cache), false)
#8 C:\xampp\htdocs\plantilla\public\index.php(37): CodeIgniter\CodeIgniter->run()
#9 C:\xampp\htdocs\plantilla\system\Commands\Server\rewrite.php(43): require_once('C:\\xampp\\htdocs...')
#10 {main}
ERROR - 2022-05-03 11:06:31 --> Error connecting to the database: The server requested authentication method unknown to the client
CRITICAL - 2022-05-03 11:06:31 --> Unable to connect to the database.
Main connection [MySQLi]: The server requested authentication method unknown to the client
#0 C:\xampp\htdocs\plantilla\system\Database\BaseConnection.php(577): CodeIgniter\Database\BaseConnection->initialize()
#1 C:\xampp\htdocs\plantilla\system\Database\BaseBuilder.php(1455): CodeIgniter\Database\BaseConnection->query('SELECT *\nFROM `...', Array, false)
#2 C:\xampp\htdocs\plantilla\system\Model.php(183): CodeIgniter\Database\BaseBuilder->get()
#3 C:\xampp\htdocs\plantilla\system\BaseModel.php(584): CodeIgniter\Model->doFindAll(0, 0)
#4 C:\xampp\htdocs\plantilla\app\Controllers\API\Clientes.php(14): CodeIgniter\BaseModel->findAll()
#5 C:\xampp\htdocs\plantilla\system\CodeIgniter.php(832): App\Controllers\API\Clientes->index()
#6 C:\xampp\htdocs\plantilla\system\CodeIgniter.php(419): CodeIgniter\CodeIgniter->runController(Object(App\Controllers\API\Clientes))
#7 C:\xampp\htdocs\plantilla\system\CodeIgniter.php(326): CodeIgniter\CodeIgniter->handleRequest(NULL, Object(Config\Cache), false)
#8 C:\xampp\htdocs\plantilla\public\index.php(37): CodeIgniter\CodeIgniter->run()
#9 C:\xampp\htdocs\plantilla\system\Commands\Server\rewrite.php(43): require_once('C:\\xampp\\htdocs...')
#10 {main}
ERROR - 2022-05-03 11:12:28 --> Error connecting to the database: The server requested authentication method unknown to the client
CRITICAL - 2022-05-03 11:12:28 --> Unable to connect to the database.
Main connection [MySQLi]: The server requested authentication method unknown to the client
#0 C:\xampp\htdocs\plantilla\system\Database\BaseConnection.php(577): CodeIgniter\Database\BaseConnection->initialize()
#1 C:\xampp\htdocs\plantilla\system\Database\BaseBuilder.php(1455): CodeIgniter\Database\BaseConnection->query('SELECT *\nFROM `...', Array, false)
#2 C:\xampp\htdocs\plantilla\system\Model.php(183): CodeIgniter\Database\BaseBuilder->get()
#3 C:\xampp\htdocs\plantilla\system\BaseModel.php(584): CodeIgniter\Model->doFindAll(0, 0)
#4 C:\xampp\htdocs\plantilla\app\Controllers\API\Clientes.php(14): CodeIgniter\BaseModel->findAll()
#5 C:\xampp\htdocs\plantilla\system\CodeIgniter.php(832): App\Controllers\API\Clientes->index()
#6 C:\xampp\htdocs\plantilla\system\CodeIgniter.php(419): CodeIgniter\CodeIgniter->runController(Object(App\Controllers\API\Clientes))
#7 C:\xampp\htdocs\plantilla\system\CodeIgniter.php(326): CodeIgniter\CodeIgniter->handleRequest(NULL, Object(Config\Cache), false)
#8 C:\xampp\htdocs\plantilla\public\index.php(37): CodeIgniter\CodeIgniter->run()
#9 C:\xampp\htdocs\plantilla\system\Commands\Server\rewrite.php(43): require_once('C:\\xampp\\htdocs...')
#10 {main}
ERROR - 2022-05-03 16:03:33 --> Error connecting to the database: The server requested authentication method unknown to the client
CRITICAL - 2022-05-03 16:03:34 --> Unable to connect to the database.
Main connection [MySQLi]: The server requested authentication method unknown to the client
#0 C:\xampp\htdocs\plantilla\system\Database\BaseConnection.php(577): CodeIgniter\Database\BaseConnection->initialize()
#1 C:\xampp\htdocs\plantilla\system\Database\BaseBuilder.php(1455): CodeIgniter\Database\BaseConnection->query('SELECT *\nFROM `...', Array, false)
#2 C:\xampp\htdocs\plantilla\system\Model.php(183): CodeIgniter\Database\BaseBuilder->get()
#3 C:\xampp\htdocs\plantilla\system\BaseModel.php(584): CodeIgniter\Model->doFindAll(0, 0)
#4 C:\xampp\htdocs\plantilla\app\Controllers\API\Clientes.php(14): CodeIgniter\BaseModel->findAll()
#5 C:\xampp\htdocs\plantilla\system\CodeIgniter.php(832): App\Controllers\API\Clientes->index()
#6 C:\xampp\htdocs\plantilla\system\CodeIgniter.php(419): CodeIgniter\CodeIgniter->runController(Object(App\Controllers\API\Clientes))
#7 C:\xampp\htdocs\plantilla\system\CodeIgniter.php(326): CodeIgniter\CodeIgniter->handleRequest(NULL, Object(Config\Cache), false)
#8 C:\xampp\htdocs\plantilla\public\index.php(37): CodeIgniter\CodeIgniter->run()
#9 C:\xampp\htdocs\plantilla\system\Commands\Server\rewrite.php(43): require_once('C:\\xampp\\htdocs...')
#10 {main}
CRITICAL - 2022-05-03 16:03:34 --> Uncaught ErrorException: print_r(): Property access is not allowed yet in C:\xampp\htdocs\plantilla\app\Views\errors\html\error_exception.php:96
Stack trace:
#0 [internal function]: CodeIgniter\Debug\Exceptions->errorHandler(2, 'print_r(): Prop...', 'C:\\xampp\\htdocs...', 96, Array)
#1 C:\xampp\htdocs\plantilla\app\Views\errors\html\error_exception.php(96): print_r(Object(App\Controllers\API\Clientes), true)
#2 C:\xampp\htdocs\plantilla\system\Debug\Exceptions.php(234): include('C:\\xampp\\htdocs...')
#3 C:\xampp\htdocs\plantilla\system\Debug\Exceptions.php(237): CodeIgniter\Debug\Exceptions->CodeIgniter\Debug\{closure}()
#4 C:\xampp\htdocs\plantilla\system\Debug\Exceptions.php(121): CodeIgniter\Debug\Exceptions->render(Object(CodeIgniter\Database\Exceptions\DatabaseException), 500)
#5 [internal function]: CodeIgniter\Debug\Exceptions->exceptionHandler(Object(CodeIgniter\Database\Exceptions\DatabaseException))
#6 {main}
  thrown
#0 [internal function]: CodeIgniter\Debug\Exceptions->shutdownHandler()
#1 {main}
ERROR - 2022-05-03 16:45:47 --> Error connecting to the database: The server requested authentication method unknown to the client
CRITICAL - 2022-05-03 16:45:48 --> Unable to connect to the database.
Main connection [MySQLi]: The server requested authentication method unknown to the client
#0 C:\xampp\htdocs\plantilla\system\Database\BaseConnection.php(577): CodeIgniter\Database\BaseConnection->initialize()
#1 C:\xampp\htdocs\plantilla\system\Database\BaseBuilder.php(1455): CodeIgniter\Database\BaseConnection->query('SELECT *\nFROM `...', Array, false)
#2 C:\xampp\htdocs\plantilla\system\Model.php(183): CodeIgniter\Database\BaseBuilder->get()
#3 C:\xampp\htdocs\plantilla\system\BaseModel.php(584): CodeIgniter\Model->doFindAll(0, 0)
#4 C:\xampp\htdocs\plantilla\app\Controllers\API\Clientes.php(14): CodeIgniter\BaseModel->findAll()
#5 C:\xampp\htdocs\plantilla\system\CodeIgniter.php(832): App\Controllers\API\Clientes->index()
#6 C:\xampp\htdocs\plantilla\system\CodeIgniter.php(419): CodeIgniter\CodeIgniter->runController(Object(App\Controllers\API\Clientes))
#7 C:\xampp\htdocs\plantilla\system\CodeIgniter.php(326): CodeIgniter\CodeIgniter->handleRequest(NULL, Object(Config\Cache), false)
#8 C:\xampp\htdocs\plantilla\public\index.php(37): CodeIgniter\CodeIgniter->run()
#9 C:\xampp\htdocs\plantilla\system\Commands\Server\rewrite.php(43): require_once('C:\\xampp\\htdocs...')
#10 {main}
ERROR - 2022-05-03 21:08:06 --> Error connecting to the database: Unknown database 'banco'
CRITICAL - 2022-05-03 21:08:06 --> Unable to connect to the database.
Main connection [MySQLi]: Unknown database 'banco'
#0 C:\xampp\htdocs\plantilla\system\Database\BaseConnection.php(577): CodeIgniter\Database\BaseConnection->initialize()
#1 C:\xampp\htdocs\plantilla\system\Database\BaseBuilder.php(1455): CodeIgniter\Database\BaseConnection->query('SELECT *\nFROM `...', Array, false)
#2 C:\xampp\htdocs\plantilla\system\Model.php(183): CodeIgniter\Database\BaseBuilder->get()
#3 C:\xampp\htdocs\plantilla\system\BaseModel.php(584): CodeIgniter\Model->doFindAll(0, 0)
#4 C:\xampp\htdocs\plantilla\app\Controllers\API\Clientes.php(14): CodeIgniter\BaseModel->findAll()
#5 C:\xampp\htdocs\plantilla\system\CodeIgniter.php(832): App\Controllers\API\Clientes->index()
#6 C:\xampp\htdocs\plantilla\system\CodeIgniter.php(419): CodeIgniter\CodeIgniter->runController(Object(App\Controllers\API\Clientes))
#7 C:\xampp\htdocs\plantilla\system\CodeIgniter.php(326): CodeIgniter\CodeIgniter->handleRequest(NULL, Object(Config\Cache), false)
#8 C:\xampp\htdocs\plantilla\public\index.php(37): CodeIgniter\CodeIgniter->run()
#9 C:\xampp\htdocs\plantilla\system\Commands\Server\rewrite.php(43): require_once('C:\\xampp\\htdocs...')
#10 {main}
ERROR - 2022-05-03 21:08:50 --> Error connecting to the database: Unknown database 'banco'
CRITICAL - 2022-05-03 21:08:51 --> Unable to connect to the database.
Main connection [MySQLi]: Unknown database 'banco'
#0 C:\xampp\htdocs\plantilla\system\Database\BaseConnection.php(577): CodeIgniter\Database\BaseConnection->initialize()
#1 C:\xampp\htdocs\plantilla\system\Database\BaseBuilder.php(1455): CodeIgniter\Database\BaseConnection->query('SELECT *\nFROM `...', Array, false)
#2 C:\xampp\htdocs\plantilla\system\Model.php(183): CodeIgniter\Database\BaseBuilder->get()
#3 C:\xampp\htdocs\plantilla\system\BaseModel.php(584): CodeIgniter\Model->doFindAll(0, 0)
#4 C:\xampp\htdocs\plantilla\app\Controllers\API\Clientes.php(14): CodeIgniter\BaseModel->findAll()
#5 C:\xampp\htdocs\plantilla\system\CodeIgniter.php(832): App\Controllers\API\Clientes->index()
#6 C:\xampp\htdocs\plantilla\system\CodeIgniter.php(419): CodeIgniter\CodeIgniter->runController(Object(App\Controllers\API\Clientes))
#7 C:\xampp\htdocs\plantilla\system\CodeIgniter.php(326): CodeIgniter\CodeIgniter->handleRequest(NULL, Object(Config\Cache), false)
#8 C:\xampp\htdocs\plantilla\public\index.php(37): CodeIgniter\CodeIgniter->run()
#9 C:\xampp\htdocs\plantilla\system\Commands\Server\rewrite.php(43): require_once('C:\\xampp\\htdocs...')
#10 {main}
